  Main.cpp
C:\Users\darina\source\repos\Project1\Project1\Matrix.h(24,21): warning C4018: <: несоответствие типов со знаком и без знака
C:\Users\darina\source\repos\Project1\Project1\Matrix.h(50,21): warning C4018: <: несоответствие типов со знаком и без знака
C:\Users\darina\source\repos\Project1\Project1\Matrix.h(51,22): warning C4018: <: несоответствие типов со знаком и без знака
C:\Users\darina\source\repos\Project1\Project1\Matrix.h(58,21): warning C4018: <: несоответствие типов со знаком и без знака
C:\Users\darina\source\repos\Project1\Project1\Matrix.h(59,22): warning C4018: <: несоответствие типов со знаком и без знака
C:\Users\darina\source\repos\Project1\Project1\Matrix.h(75,21): warning C4018: <: несоответствие типов со знаком и без знака
C:\Users\darina\source\repos\Project1\Project1\Matrix.h(77,22): warning C4018: <: несоответствие типов со знаком и без знака
C:\Users\darina\source\repos\Project1\Project1\Vector.h(33,21): warning C4018: <: несоответствие типов со знаком и без знака
C:\Users\darina\source\repos\Project1\Project1\Vector.h(39,21): warning C4018: <: несоответствие типов со знаком и без знака
C:\Users\darina\source\repos\Project1\Project1\Vector.h(46,21): warning C4018: <: несоответствие типов со знаком и без знака
C:\Users\darina\source\repos\Project1\Project1\Vector.h(52,21): warning C4018: <: несоответствие типов со знаком и без знака
C:\Users\darina\source\repos\Project1\Project1\Vector.h(58,21): warning C4018: <: несоответствие типов со знаком и без знака
C:\Users\darina\source\repos\Project1\Project1\Vector.h(65,21): warning C4018: <: несоответствие типов со знаком и без знака
C:\Users\darina\source\repos\Project1\Project1\Main.cpp(29,5): warning C4551: в вызове функции отсутствует список аргументов
  Matrix.cpp
C:\Users\darina\source\repos\Project1\Project1\Matrix.h(24,21): warning C4018: <: несоответствие типов со знаком и без знака
C:\Users\darina\source\repos\Project1\Project1\Matrix.h(50,21): warning C4018: <: несоответствие типов со знаком и без знака
C:\Users\darina\source\repos\Project1\Project1\Matrix.h(51,22): warning C4018: <: несоответствие типов со знаком и без знака
C:\Users\darina\source\repos\Project1\Project1\Matrix.h(58,21): warning C4018: <: несоответствие типов со знаком и без знака
C:\Users\darina\source\repos\Project1\Project1\Matrix.h(59,22): warning C4018: <: несоответствие типов со знаком и без знака
C:\Users\darina\source\repos\Project1\Project1\Matrix.h(75,21): warning C4018: <: несоответствие типов со знаком и без знака
C:\Users\darina\source\repos\Project1\Project1\Matrix.h(77,22): warning C4018: <: несоответствие типов со знаком и без знака
  Vector.cpp
C:\Users\darina\source\repos\Project1\Project1\Matrix.h(24,21): warning C4018: <: несоответствие типов со знаком и без знака
C:\Users\darina\source\repos\Project1\Project1\Matrix.h(50,21): warning C4018: <: несоответствие типов со знаком и без знака
C:\Users\darina\source\repos\Project1\Project1\Matrix.h(51,22): warning C4018: <: несоответствие типов со знаком и без знака
C:\Users\darina\source\repos\Project1\Project1\Matrix.h(58,21): warning C4018: <: несоответствие типов со знаком и без знака
C:\Users\darina\source\repos\Project1\Project1\Matrix.h(59,22): warning C4018: <: несоответствие типов со знаком и без знака
C:\Users\darina\source\repos\Project1\Project1\Matrix.h(75,21): warning C4018: <: несоответствие типов со знаком и без знака
C:\Users\darina\source\repos\Project1\Project1\Matrix.h(77,22): warning C4018: <: несоответствие типов со знаком и без знака
C:\Users\darina\source\repos\Project1\Project1\Vector.h(33,21): warning C4018: <: несоответствие типов со знаком и без знака
C:\Users\darina\source\repos\Project1\Project1\Vector.h(39,21): warning C4018: <: несоответствие типов со знаком и без знака
C:\Users\darina\source\repos\Project1\Project1\Vector.h(46,21): warning C4018: <: несоответствие типов со знаком и без знака
C:\Users\darina\source\repos\Project1\Project1\Vector.h(52,21): warning C4018: <: несоответствие типов со знаком и без знака
C:\Users\darina\source\repos\Project1\Project1\Vector.h(58,21): warning C4018: <: несоответствие типов со знаком и без знака
C:\Users\darina\source\repos\Project1\Project1\Vector.h(65,21): warning C4018: <: несоответствие типов со знаком и без знака
  Создание кода...
  Project1.vcxproj -> C:\Users\darina\source\repos\Project1\Debug\Lab2.exe
